<?xml version="1.0" encoding="UTF-8"?>
<!-- Generated by org.testng.reporters.JUnitReportReporter -->
<testsuite skipped="0" hostname="DAWN" name="com.capsulecrm.test.SetupAndTear" tests="1" failures="0" timestamp="28 May 2019 15:21:22 GMT" time="24.079" errors="0">
  <testcase name="setup" time="24.079" classname="com.capsulecrm.test.SetupAndTear"/>
</testsuite> <!-- com.capsulecrm.test.SetupAndTear -->
